<?xml version="1.0" encoding="UTF-8"?>
<coverage generated="1520670817186" clover="3.2.0">
  <project timestamp="1520670817186" name="All files">
    <metrics statements="105" coveredstatements="60" conditionals="30" coveredconditionals="12" methods="41" coveredmethods="18" elements="176" coveredelements="90" complexity="0" loc="105" ncloc="105" packages="10" files="18" classes="18">
      <package name="todo-rn">
        <metrics statements="1" coveredstatements="1" conditionals="0" coveredconditionals="0" methods="1" coveredmethods="1"/>
        <file name="App.js" path="/Users/kuldeepsingh/Documents/coding/react/todo-rn/App.js">
          <metrics statements="1" coveredstatements="1" conditionals="0" coveredconditionals="0" methods="1" coveredmethods="1"/>
          <line num="9" count="2" type="stmt"/>
        </file>
      </package>
      <package name="todo-rn.App">
        <metrics statements="1" coveredstatements="1" conditionals="0" coveredconditionals="0" methods="0" coveredmethods="0"/>
        <file name="setupTests.js" path="/Users/kuldeepsingh/Documents/coding/react/todo-rn/App/setupTests.js">
          <metrics statements="1" coveredstatements="1" conditionals="0" coveredconditionals="0" methods="0" coveredmethods="0"/>
          <line num="4" count="3" type="stmt"/>
        </file>
      </package>
      <package name="todo-rn.App.Actions">
        <metrics statements="28" coveredstatements="14" conditionals="4" coveredconditionals="1" methods="9" coveredmethods="2"/>
        <file name="googleAuth.js" path="/Users/kuldeepsingh/Documents/coding/react/todo-rn/App/Actions/googleAuth.js">
          <metrics statements="24" coveredstatements="10" conditionals="4" coveredconditionals="1" methods="9" coveredmethods="2"/>
          <line num="15" count="2" type="stmt"/>
          <line num="16" count="2" type="stmt"/>
          <line num="17" count="2" type="stmt"/>
          <line num="18" count="2" type="cond" truecount="1" falsecount="1"/>
          <line num="19" count="0" type="stmt"/>
          <line num="21" count="2" type="stmt"/>
          <line num="25" count="2" type="stmt"/>
          <line num="26" count="0" type="stmt"/>
          <line num="27" count="0" type="stmt"/>
          <line num="29" count="0" type="cond" truecount="0" falsecount="2"/>
          <line num="30" count="0" type="stmt"/>
          <line num="32" count="0" type="stmt"/>
          <line num="35" count="0" type="stmt"/>
          <line num="36" count="0" type="stmt"/>
          <line num="40" count="2" type="stmt"/>
          <line num="41" count="0" type="stmt"/>
          <line num="42" count="0" type="stmt"/>
          <line num="45" count="2" type="stmt"/>
          <line num="46" count="0" type="stmt"/>
          <line num="47" count="0" type="stmt"/>
          <line num="50" count="2" type="stmt"/>
          <line num="51" count="0" type="stmt"/>
          <line num="54" count="2" type="stmt"/>
          <line num="55" count="0" type="stmt"/>
        </file>
        <file name="index.js" path="/Users/kuldeepsingh/Documents/coding/react/todo-rn/App/Actions/index.js">
          <metrics statements="0" coveredstatements="0" conditionals="0" coveredconditionals="0" methods="0" coveredmethods="0"/>
        </file>
        <file name="types.js" path="/Users/kuldeepsingh/Documents/coding/react/todo-rn/App/Actions/types.js">
          <metrics statements="4" coveredstatements="4" conditionals="0" coveredconditionals="0" methods="0" coveredmethods="0"/>
          <line num="1" count="2" type="stmt"/>
          <line num="2" count="2" type="stmt"/>
          <line num="3" count="2" type="stmt"/>
          <line num="4" count="2" type="stmt"/>
        </file>
      </package>
      <package name="todo-rn.App.Components">
        <metrics statements="7" coveredstatements="6" conditionals="2" coveredconditionals="2" methods="3" coveredmethods="1"/>
        <file name="GoogleAuthButton.js" path="/Users/kuldeepsingh/Documents/coding/react/todo-rn/App/Components/GoogleAuthButton.js">
          <metrics statements="7" coveredstatements="6" conditionals="2" coveredconditionals="2" methods="3" coveredmethods="1"/>
          <line num="17" count="4" type="cond" truecount="2" falsecount="0"/>
          <line num="18" count="1" type="stmt"/>
          <line num="22" count="3" type="stmt"/>
          <line num="23" count="0" type="stmt"/>
          <line num="33" count="2" type="stmt"/>
          <line num="40" count="2" type="stmt"/>
          <line num="45" count="2" type="stmt"/>
        </file>
      </package>
      <package name="todo-rn.App.Config">
        <metrics statements="0" coveredstatements="0" conditionals="0" coveredconditionals="0" methods="0" coveredmethods="0"/>
        <file name="googleAuth.js" path="/Users/kuldeepsingh/Documents/coding/react/todo-rn/App/Config/googleAuth.js">
          <metrics statements="0" coveredstatements="0" conditionals="0" coveredconditionals="0" methods="0" coveredmethods="0"/>
        </file>
      </package>
      <package name="todo-rn.App.Containers">
        <metrics statements="26" coveredstatements="15" conditionals="8" coveredconditionals="4" methods="17" coveredmethods="8"/>
        <file name="AuthContainer.js" path="/Users/kuldeepsingh/Documents/coding/react/todo-rn/App/Containers/AuthContainer.js">
          <metrics statements="10" coveredstatements="6" conditionals="0" coveredconditionals="0" methods="7" coveredmethods="3"/>
          <line num="23" count="2" type="stmt"/>
          <line num="24" count="2" type="stmt"/>
          <line num="30" count="0" type="stmt"/>
          <line num="34" count="0" type="stmt"/>
          <line num="38" count="0" type="stmt"/>
          <line num="42" count="0" type="stmt"/>
          <line num="46" count="2" type="stmt"/>
          <line num="57" count="1" type="stmt"/>
          <line num="66" count="1" type="stmt"/>
          <line num="67" count="5" type="stmt"/>
        </file>
        <file name="HomeContainer.js" path="/Users/kuldeepsingh/Documents/coding/react/todo-rn/App/Containers/HomeContainer.js">
          <metrics statements="2" coveredstatements="1" conditionals="0" coveredconditionals="0" methods="1" coveredmethods="0"/>
          <line num="19" count="0" type="stmt"/>
          <line num="28" count="1" type="stmt"/>
        </file>
        <file name="RootContainer.js" path="/Users/kuldeepsingh/Documents/coding/react/todo-rn/App/Containers/RootContainer.js">
          <metrics statements="7" coveredstatements="6" conditionals="6" coveredconditionals="4" methods="5" coveredmethods="4"/>
          <line num="16" count="2" type="stmt"/>
          <line num="20" count="2" type="stmt"/>
          <line num="24" count="0" type="stmt"/>
          <line num="28" count="2" type="stmt"/>
          <line num="38" count="1" type="stmt"/>
          <line num="49" count="1" type="stmt"/>
          <line num="50" count="5" type="stmt"/>
        </file>
        <file name="SettingsContainer.js" path="/Users/kuldeepsingh/Documents/coding/react/todo-rn/App/Containers/SettingsContainer.js">
          <metrics statements="7" coveredstatements="2" conditionals="2" coveredconditionals="0" methods="4" coveredmethods="1"/>
          <line num="17" count="0" type="stmt"/>
          <line num="21" count="0" type="cond" truecount="0" falsecount="2"/>
          <line num="22" count="0" type="stmt"/>
          <line num="23" count="0" type="stmt"/>
          <line num="28" count="0" type="stmt"/>
          <line num="40" count="2" type="stmt"/>
          <line num="41" count="1" type="stmt"/>
        </file>
      </package>
      <package name="todo-rn.App.Navigation">
        <metrics statements="12" coveredstatements="5" conditionals="6" coveredconditionals="1" methods="4" coveredmethods="2"/>
        <file name="MainTabNavigator.js" path="/Users/kuldeepsingh/Documents/coding/react/todo-rn/App/Navigation/MainTabNavigator.js">
          <metrics statements="7" coveredstatements="0" conditionals="4" coveredconditionals="0" methods="2" coveredmethods="0"/>
          <line num="22" count="0" type="stmt"/>
          <line num="24" count="0" type="stmt"/>
          <line num="26" count="0" type="cond" truecount="0" falsecount="2"/>
          <line num="28" count="0" type="stmt"/>
          <line num="29" count="0" type="stmt"/>
          <line num="31" count="0" type="stmt"/>
          <line num="33" count="0" type="stmt"/>
        </file>
        <file name="RootNavigation.js" path="/Users/kuldeepsingh/Documents/coding/react/todo-rn/App/Navigation/RootNavigation.js">
          <metrics statements="5" coveredstatements="5" conditionals="2" coveredconditionals="1" methods="2" coveredmethods="2"/>
          <line num="10" count="1" type="stmt"/>
          <line num="11" count="2" type="stmt"/>
          <line num="31" count="2" type="stmt"/>
          <line num="32" count="2" type="stmt"/>
          <line num="40" count="1" type="stmt"/>
        </file>
      </package>
      <package name="todo-rn.App.Reducers">
        <metrics statements="7" coveredstatements="4" conditionals="6" coveredconditionals="3" methods="1" coveredmethods="1"/>
        <file name="googleAuth.js" path="/Users/kuldeepsingh/Documents/coding/react/todo-rn/App/Reducers/googleAuth.js">
          <metrics statements="7" coveredstatements="4" conditionals="6" coveredconditionals="3" methods="1" coveredmethods="1"/>
          <line num="9" count="1" type="stmt"/>
          <line num="16" count="5" type="cond" truecount="2" falsecount="3"/>
          <line num="18" count="0" type="stmt"/>
          <line num="23" count="0" type="stmt"/>
          <line num="25" count="2" type="stmt"/>
          <line num="27" count="0" type="stmt"/>
          <line num="32" count="3" type="stmt"/>
        </file>
        <file name="index.js" path="/Users/kuldeepsingh/Documents/coding/react/todo-rn/App/Reducers/index.js">
          <metrics statements="0" coveredstatements="0" conditionals="0" coveredconditionals="0" methods="0" coveredmethods="0"/>
        </file>
      </package>
      <package name="todo-rn.App.Store">
        <metrics statements="6" coveredstatements="6" conditionals="0" coveredconditionals="0" methods="1" coveredmethods="1"/>
        <file name="index.js" path="/Users/kuldeepsingh/Documents/coding/react/todo-rn/App/Store/index.js">
          <metrics statements="6" coveredstatements="6" conditionals="0" coveredconditionals="0" methods="1" coveredmethods="1"/>
          <line num="6" count="1" type="stmt"/>
          <line num="8" count="1" type="stmt"/>
          <line num="10" count="1" type="stmt"/>
          <line num="11" count="2" type="stmt"/>
          <line num="13" count="1" type="stmt"/>
          <line num="15" count="1" type="stmt"/>
        </file>
      </package>
      <package name="todo-rn.App.Utils">
        <metrics statements="17" coveredstatements="8" conditionals="4" coveredconditionals="1" methods="5" coveredmethods="2"/>
        <file name="Colors.js" path="/Users/kuldeepsingh/Documents/coding/react/todo-rn/App/Utils/Colors.js">
          <metrics statements="1" coveredstatements="1" conditionals="0" coveredconditionals="0" methods="0" coveredmethods="0"/>
          <line num="1" count="2" type="stmt"/>
        </file>
        <file name="Notification.js" path="/Users/kuldeepsingh/Documents/coding/react/todo-rn/App/Utils/Notification.js">
          <metrics statements="16" coveredstatements="7" conditionals="4" coveredconditionals="1" methods="5" coveredmethods="2"/>
          <line num="5" count="1" type="stmt"/>
          <line num="7" count="1" type="stmt"/>
          <line num="8" count="0" type="stmt"/>
          <line num="23" count="1" type="stmt"/>
          <line num="24" count="2" type="stmt"/>
          <line num="27" count="2" type="cond" truecount="1" falsecount="1"/>
          <line num="28" count="2" type="stmt"/>
          <line num="30" count="0" type="cond" truecount="0" falsecount="2"/>
          <line num="31" count="0" type="stmt"/>
          <line num="32" count="0" type="stmt"/>
          <line num="33" count="0" type="stmt"/>
          <line num="35" count="0" type="stmt"/>
          <line num="39" count="0" type="stmt"/>
          <line num="43" count="0" type="stmt"/>
          <line num="50" count="1" type="stmt"/>
          <line num="51" count="0" type="stmt"/>
        </file>
      </package>
    </metrics>
  </project>
</coverage>
