{"/Users/kuldeepsingh/Documents/coding/react/todo-rn/App.js": {"path":"/Users/kuldeepsingh/Documents/coding/react/todo-rn/App.js","statementMap":{"0":{"start":{"line":9,"column":8},"end":{"line":13,"column":9}}},"fnMap":{"0":{"name":"(anonymous_0)","decl":{"start":{"line":8,"column":4},"end":{"line":8,"column":5}},"loc":{"start":{"line":8,"column":12},"end":{"line":14,"column":5}},"line":8}},"branchMap":{},"s":{"0":2},"f":{"0":2},"b":{},"_coverageSchema":"332fd63041d2c1bcb487cc26dd0d5f7d97098a6c","hash":"3a26c2b44ce9155bcffb312b2180405d47e4ebe9"}
,"/Users/kuldeepsingh/Documents/coding/react/todo-rn/App/setupTests.js": {"path":"/Users/kuldeepsingh/Documents/coding/react/todo-rn/App/setupTests.js","statementMap":{"0":{"start":{"line":4,"column":0},"end":{"line":4,"column":45}}},"fnMap":{},"branchMap":{},"s":{"0":3},"f":{},"b":{},"_coverageSchema":"332fd63041d2c1bcb487cc26dd0d5f7d97098a6c","hash":"40b9da59aee5b0ce173e41da64381194deebae66"}
,"/Users/kuldeepsingh/Documents/coding/react/todo-rn/App/Actions/googleAuth.js": {"path":"/Users/kuldeepsingh/Documents/coding/react/todo-rn/App/Actions/googleAuth.js","statementMap":{"0":{"start":{"line":15,"column":19},"end":{"line":23,"column":1}},"1":{"start":{"line":15,"column":25},"end":{"line":23,"column":1}},"2":{"start":{"line":16,"column":16},"end":{"line":16,"column":64}},"3":{"start":{"line":17,"column":4},"end":{"line":17,"column":29}},"4":{"start":{"line":18,"column":4},"end":{"line":22,"column":5}},"5":{"start":{"line":19,"column":8},"end":{"line":19,"column":96}},"6":{"start":{"line":21,"column":8},"end":{"line":21,"column":64}},"7":{"start":{"line":25,"column":20},"end":{"line":38,"column":1}},"8":{"start":{"line":25,"column":26},"end":{"line":38,"column":1}},"9":{"start":{"line":26,"column":4},"end":{"line":37,"column":5}},"10":{"start":{"line":27,"column":23},"end":{"line":27,"column":74}},"11":{"start":{"line":29,"column":8},"end":{"line":33,"column":9}},"12":{"start":{"line":30,"column":12},"end":{"line":30,"column":59}},"13":{"start":{"line":32,"column":12},"end":{"line":32,"column":40}},"14":{"start":{"line":35,"column":8},"end":{"line":35,"column":22}},"15":{"start":{"line":36,"column":8},"end":{"line":36,"column":34}},"16":{"start":{"line":40,"column":21},"end":{"line":43,"column":1}},"17":{"start":{"line":40,"column":27},"end":{"line":43,"column":1}},"18":{"start":{"line":41,"column":4},"end":{"line":41,"column":56}},"19":{"start":{"line":42,"column":4},"end":{"line":42,"column":79}},"20":{"start":{"line":45,"column":26},"end":{"line":48,"column":1}},"21":{"start":{"line":46,"column":4},"end":{"line":46,"column":76}},"22":{"start":{"line":47,"column":4},"end":{"line":47,"column":92}},"23":{"start":{"line":50,"column":27},"end":{"line":52,"column":1}},"24":{"start":{"line":51,"column":4},"end":{"line":51,"column":62}},"25":{"start":{"line":54,"column":25},"end":{"line":56,"column":1}},"26":{"start":{"line":55,"column":4},"end":{"line":55,"column":60}}},"fnMap":{"0":{"name":"(anonymous_0)","decl":{"start":{"line":15,"column":19},"end":{"line":15,"column":20}},"loc":{"start":{"line":15,"column":25},"end":{"line":23,"column":1}},"line":15},"1":{"name":"(anonymous_1)","decl":{"start":{"line":15,"column":25},"end":{"line":15,"column":26}},"loc":{"start":{"line":15,"column":43},"end":{"line":23,"column":1}},"line":15},"2":{"name":"(anonymous_2)","decl":{"start":{"line":25,"column":20},"end":{"line":25,"column":21}},"loc":{"start":{"line":25,"column":26},"end":{"line":38,"column":1}},"line":25},"3":{"name":"(anonymous_3)","decl":{"start":{"line":25,"column":26},"end":{"line":25,"column":27}},"loc":{"start":{"line":25,"column":44},"end":{"line":38,"column":1}},"line":25},"4":{"name":"(anonymous_4)","decl":{"start":{"line":40,"column":21},"end":{"line":40,"column":22}},"loc":{"start":{"line":40,"column":27},"end":{"line":43,"column":1}},"line":40},"5":{"name":"(anonymous_5)","decl":{"start":{"line":40,"column":27},"end":{"line":40,"column":28}},"loc":{"start":{"line":40,"column":45},"end":{"line":43,"column":1}},"line":40},"6":{"name":"(anonymous_6)","decl":{"start":{"line":45,"column":26},"end":{"line":45,"column":27}},"loc":{"start":{"line":45,"column":53},"end":{"line":48,"column":1}},"line":45},"7":{"name":"(anonymous_7)","decl":{"start":{"line":50,"column":27},"end":{"line":50,"column":28}},"loc":{"start":{"line":50,"column":47},"end":{"line":52,"column":1}},"line":50},"8":{"name":"(anonymous_8)","decl":{"start":{"line":54,"column":25},"end":{"line":54,"column":26}},"loc":{"start":{"line":54,"column":45},"end":{"line":56,"column":1}},"line":54}},"branchMap":{"0":{"loc":{"start":{"line":18,"column":4},"end":{"line":22,"column":5}},"type":"if","locations":[{"start":{"line":18,"column":4},"end":{"line":22,"column":5}},{"start":{"line":18,"column":4},"end":{"line":22,"column":5}}],"line":18},"1":{"loc":{"start":{"line":29,"column":8},"end":{"line":33,"column":9}},"type":"if","locations":[{"start":{"line":29,"column":8},"end":{"line":33,"column":9}},{"start":{"line":29,"column":8},"end":{"line":33,"column":9}}],"line":29}},"s":{"0":2,"1":2,"2":2,"3":2,"4":2,"5":0,"6":2,"7":2,"8":0,"9":0,"10":0,"11":0,"12":0,"13":0,"14":0,"15":0,"16":2,"17":0,"18":0,"19":0,"20":2,"21":0,"22":0,"23":2,"24":0,"25":2,"26":0},"f":{"0":2,"1":2,"2":0,"3":0,"4":0,"5":0,"6":0,"7":0,"8":0},"b":{"0":[0,2],"1":[0,0]},"_coverageSchema":"332fd63041d2c1bcb487cc26dd0d5f7d97098a6c","hash":"842028b7d6c679a18aa7819d8799a08a792e9fe6"}
,"/Users/kuldeepsingh/Documents/coding/react/todo-rn/App/Actions/index.js": {"path":"/Users/kuldeepsingh/Documents/coding/react/todo-rn/App/Actions/index.js","statementMap":{},"fnMap":{},"branchMap":{},"s":{},"f":{},"b":{},"_coverageSchema":"332fd63041d2c1bcb487cc26dd0d5f7d97098a6c","hash":"6215a551b5e7e6dba048bc0abcb62bd0de983c23"}
,"/Users/kuldeepsingh/Documents/coding/react/todo-rn/App/Actions/types.js": {"path":"/Users/kuldeepsingh/Documents/coding/react/todo-rn/App/Actions/types.js","statementMap":{"0":{"start":{"line":1,"column":36},"end":{"line":1,"column":58}},"1":{"start":{"line":2,"column":38},"end":{"line":2,"column":62}},"2":{"start":{"line":3,"column":35},"end":{"line":3,"column":55}},"3":{"start":{"line":4,"column":29},"end":{"line":4,"column":44}}},"fnMap":{},"branchMap":{},"s":{"0":2,"1":2,"2":2,"3":2},"f":{},"b":{},"_coverageSchema":"332fd63041d2c1bcb487cc26dd0d5f7d97098a6c","hash":"6d18ed264318da1700afcb2d49bf62f7b52ed3ef"}
,"/Users/kuldeepsingh/Documents/coding/react/todo-rn/App/Components/GoogleAuthButton.js": {"path":"/Users/kuldeepsingh/Documents/coding/react/todo-rn/App/Components/GoogleAuthButton.js","statementMap":{"0":{"start":{"line":17,"column":6},"end":{"line":29,"column":7}},"1":{"start":{"line":18,"column":10},"end":{"line":20,"column":11}},"2":{"start":{"line":22,"column":8},"end":{"line":28,"column":10}},"3":{"start":{"line":23,"column":45},"end":{"line":23,"column":65}},"4":{"start":{"line":33,"column":15},"end":{"line":38,"column":2}},"5":{"start":{"line":40,"column":0},"end":{"line":43,"column":1}},"6":{"start":{"line":45,"column":0},"end":{"line":48,"column":1}}},"fnMap":{"0":{"name":"(anonymous_0)","decl":{"start":{"line":16,"column":2},"end":{"line":16,"column":3}},"loc":{"start":{"line":16,"column":11},"end":{"line":30,"column":3}},"line":16},"1":{"name":"(anonymous_1)","decl":{"start":{"line":23,"column":39},"end":{"line":23,"column":40}},"loc":{"start":{"line":23,"column":45},"end":{"line":23,"column":65}},"line":23},"2":{"name":"(anonymous_2)","decl":{"start":{"line":41,"column":13},"end":{"line":41,"column":14}},"loc":{"start":{"line":41,"column":19},"end":{"line":41,"column":21}},"line":41}},"branchMap":{"0":{"loc":{"start":{"line":17,"column":6},"end":{"line":29,"column":7}},"type":"if","locations":[{"start":{"line":17,"column":6},"end":{"line":29,"column":7}},{"start":{"line":17,"column":6},"end":{"line":29,"column":7}}],"line":17}},"s":{"0":4,"1":1,"2":3,"3":0,"4":2,"5":2,"6":2},"f":{"0":4,"1":0,"2":0},"b":{"0":[1,3]},"_coverageSchema":"332fd63041d2c1bcb487cc26dd0d5f7d97098a6c","hash":"1119bf03b87ee946c957007ab154b1e393469870"}
,"/Users/kuldeepsingh/Documents/coding/react/todo-rn/App/Config/googleAuth.js": {"path":"/Users/kuldeepsingh/Documents/coding/react/todo-rn/App/Config/googleAuth.js","statementMap":{},"fnMap":{},"branchMap":{},"s":{},"f":{},"b":{},"_coverageSchema":"332fd63041d2c1bcb487cc26dd0d5f7d97098a6c","hash":"80fc3a67d813dc28593c2938dc484ad2d2c3315d"}
,"/Users/kuldeepsingh/Documents/coding/react/todo-rn/App/Containers/AuthContainer.js": {"path":"/Users/kuldeepsingh/Documents/coding/react/todo-rn/App/Containers/AuthContainer.js","statementMap":{"0":{"start":{"line":23,"column":8},"end":{"line":23,"column":20}},"1":{"start":{"line":24,"column":8},"end":{"line":26,"column":9}},"2":{"start":{"line":30,"column":8},"end":{"line":30,"column":46}},"3":{"start":{"line":34,"column":8},"end":{"line":34,"column":46}},"4":{"start":{"line":38,"column":8},"end":{"line":38,"column":46}},"5":{"start":{"line":42,"column":8},"end":{"line":42,"column":32}},"6":{"start":{"line":46,"column":4},"end":{"line":53,"column":6}},"7":{"start":{"line":57,"column":15},"end":{"line":64,"column":2}},"8":{"start":{"line":66,"column":24},"end":{"line":71,"column":1}},"9":{"start":{"line":67,"column":4},"end":{"line":70,"column":5}}},"fnMap":{"0":{"name":"(anonymous_0)","decl":{"start":{"line":22,"column":4},"end":{"line":22,"column":5}},"loc":{"start":{"line":22,"column":22},"end":{"line":27,"column":5}},"line":22},"1":{"name":"(anonymous_1)","decl":{"start":{"line":29,"column":24},"end":{"line":29,"column":25}},"loc":{"start":{"line":29,"column":41},"end":{"line":31,"column":5}},"line":29},"2":{"name":"(anonymous_2)","decl":{"start":{"line":33,"column":25},"end":{"line":33,"column":26}},"loc":{"start":{"line":33,"column":31},"end":{"line":35,"column":5}},"line":33},"3":{"name":"(anonymous_3)","decl":{"start":{"line":37,"column":23},"end":{"line":37,"column":24}},"loc":{"start":{"line":37,"column":29},"end":{"line":39,"column":5}},"line":37},"4":{"name":"(anonymous_4)","decl":{"start":{"line":41,"column":18},"end":{"line":41,"column":19}},"loc":{"start":{"line":41,"column":24},"end":{"line":43,"column":5}},"line":41},"5":{"name":"(anonymous_5)","decl":{"start":{"line":45,"column":2},"end":{"line":45,"column":3}},"loc":{"start":{"line":45,"column":11},"end":{"line":54,"column":3}},"line":45},"6":{"name":"(anonymous_6)","decl":{"start":{"line":66,"column":24},"end":{"line":66,"column":25}},"loc":{"start":{"line":66,"column":35},"end":{"line":71,"column":1}},"line":66}},"branchMap":{},"s":{"0":2,"1":2,"2":0,"3":0,"4":0,"5":0,"6":2,"7":1,"8":1,"9":5},"f":{"0":2,"1":0,"2":0,"3":0,"4":0,"5":2,"6":5},"b":{},"_coverageSchema":"332fd63041d2c1bcb487cc26dd0d5f7d97098a6c","hash":"d3c83995d39b58ae4dbb42867735af5e126b8b74"}
,"/Users/kuldeepsingh/Documents/coding/react/todo-rn/App/Containers/HomeContainer.js": {"path":"/Users/kuldeepsingh/Documents/coding/react/todo-rn/App/Containers/HomeContainer.js","statementMap":{"0":{"start":{"line":19,"column":4},"end":{"line":24,"column":6}},"1":{"start":{"line":28,"column":15},"end":{"line":33,"column":2}}},"fnMap":{"0":{"name":"(anonymous_0)","decl":{"start":{"line":18,"column":2},"end":{"line":18,"column":3}},"loc":{"start":{"line":18,"column":11},"end":{"line":25,"column":3}},"line":18}},"branchMap":{},"s":{"0":0,"1":1},"f":{"0":0},"b":{},"_coverageSchema":"332fd63041d2c1bcb487cc26dd0d5f7d97098a6c","hash":"9871f6fa0b4f4b26fdc8955367aca625a88cde32"}
,"/Users/kuldeepsingh/Documents/coding/react/todo-rn/App/Containers/RootContainer.js": {"path":"/Users/kuldeepsingh/Documents/coding/react/todo-rn/App/Containers/RootContainer.js","statementMap":{"0":{"start":{"line":16,"column":4},"end":{"line":16,"column":27}},"1":{"start":{"line":20,"column":4},"end":{"line":20,"column":27}},"2":{"start":{"line":24,"column":4},"end":{"line":24,"column":29}},"3":{"start":{"line":28,"column":6},"end":{"line":34,"column":8}},"4":{"start":{"line":38,"column":15},"end":{"line":47,"column":2}},"5":{"start":{"line":49,"column":24},"end":{"line":53,"column":1}},"6":{"start":{"line":50,"column":2},"end":{"line":52,"column":3}}},"fnMap":{"0":{"name":"(anonymous_0)","decl":{"start":{"line":15,"column":2},"end":{"line":15,"column":3}},"loc":{"start":{"line":15,"column":23},"end":{"line":17,"column":3}},"line":15},"1":{"name":"(anonymous_1)","decl":{"start":{"line":19,"column":2},"end":{"line":19,"column":3}},"loc":{"start":{"line":19,"column":22},"end":{"line":21,"column":3}},"line":19},"2":{"name":"(anonymous_2)","decl":{"start":{"line":23,"column":2},"end":{"line":23,"column":3}},"loc":{"start":{"line":23,"column":25},"end":{"line":25,"column":3}},"line":23},"3":{"name":"(anonymous_3)","decl":{"start":{"line":27,"column":2},"end":{"line":27,"column":3}},"loc":{"start":{"line":27,"column":11},"end":{"line":35,"column":3}},"line":27},"4":{"name":"(anonymous_4)","decl":{"start":{"line":49,"column":24},"end":{"line":49,"column":25}},"loc":{"start":{"line":49,"column":35},"end":{"line":53,"column":1}},"line":49}},"branchMap":{"0":{"loc":{"start":{"line":30,"column":11},"end":{"line":30,"column":68}},"type":"binary-expr","locations":[{"start":{"line":30,"column":11},"end":{"line":30,"column":32}},{"start":{"line":30,"column":36},"end":{"line":30,"column":68}}],"line":30},"1":{"loc":{"start":{"line":31,"column":11},"end":{"line":31,"column":81}},"type":"binary-expr","locations":[{"start":{"line":31,"column":11},"end":{"line":31,"column":36}},{"start":{"line":31,"column":40},"end":{"line":31,"column":81}}],"line":31},"2":{"loc":{"start":{"line":32,"column":43},"end":{"line":32,"column":80}},"type":"cond-expr","locations":[{"start":{"line":32,"column":68},"end":{"line":32,"column":72}},{"start":{"line":32,"column":75},"end":{"line":32,"column":80}}],"line":32}},"s":{"0":2,"1":2,"2":0,"3":2,"4":1,"5":1,"6":5},"f":{"0":2,"1":2,"2":0,"3":2,"4":5},"b":{"0":[2,2],"1":[2,0],"2":[0,2]},"_coverageSchema":"332fd63041d2c1bcb487cc26dd0d5f7d97098a6c","hash":"3b4290b64dc4ddf893843c73818ebf989b582a57"}
,"/Users/kuldeepsingh/Documents/coding/react/todo-rn/App/Containers/SettingsContainer.js": {"path":"/Users/kuldeepsingh/Documents/coding/react/todo-rn/App/Containers/SettingsContainer.js","statementMap":{"0":{"start":{"line":17,"column":4},"end":{"line":17,"column":16}},"1":{"start":{"line":21,"column":4},"end":{"line":24,"column":5}},"2":{"start":{"line":22,"column":6},"end":{"line":22,"column":31}},"3":{"start":{"line":23,"column":6},"end":{"line":23,"column":44}},"4":{"start":{"line":28,"column":4},"end":{"line":36,"column":6}},"5":{"start":{"line":40,"column":24},"end":{"line":44,"column":1}},"6":{"start":{"line":41,"column":2},"end":{"line":43,"column":3}}},"fnMap":{"0":{"name":"(anonymous_0)","decl":{"start":{"line":16,"column":2},"end":{"line":16,"column":3}},"loc":{"start":{"line":16,"column":20},"end":{"line":18,"column":3}},"line":16},"1":{"name":"(anonymous_1)","decl":{"start":{"line":20,"column":11},"end":{"line":20,"column":12}},"loc":{"start":{"line":20,"column":17},"end":{"line":25,"column":3}},"line":20},"2":{"name":"(anonymous_2)","decl":{"start":{"line":27,"column":2},"end":{"line":27,"column":3}},"loc":{"start":{"line":27,"column":11},"end":{"line":37,"column":3}},"line":27},"3":{"name":"(anonymous_3)","decl":{"start":{"line":40,"column":24},"end":{"line":40,"column":25}},"loc":{"start":{"line":40,"column":35},"end":{"line":44,"column":1}},"line":40}},"branchMap":{"0":{"loc":{"start":{"line":21,"column":4},"end":{"line":24,"column":5}},"type":"if","locations":[{"start":{"line":21,"column":4},"end":{"line":24,"column":5}},{"start":{"line":21,"column":4},"end":{"line":24,"column":5}}],"line":21}},"s":{"0":0,"1":0,"2":0,"3":0,"4":0,"5":2,"6":1},"f":{"0":0,"1":0,"2":0,"3":1},"b":{"0":[0,0]},"_coverageSchema":"332fd63041d2c1bcb487cc26dd0d5f7d97098a6c","hash":"a794406fb3d106aa1fc75138bd56a21a836c6d0e"}
,"/Users/kuldeepsingh/Documents/coding/react/todo-rn/App/Navigation/MainTabNavigator.js": {"path":"/Users/kuldeepsingh/Documents/coding/react/todo-rn/App/Navigation/MainTabNavigator.js","statementMap":{"0":{"start":{"line":22,"column":44},"end":{"line":41,"column":5}},"1":{"start":{"line":24,"column":30},"end":{"line":24,"column":46}},"2":{"start":{"line":26,"column":8},"end":{"line":32,"column":9}},"3":{"start":{"line":28,"column":12},"end":{"line":28,"column":45}},"4":{"start":{"line":29,"column":12},"end":{"line":29,"column":18}},"5":{"start":{"line":31,"column":12},"end":{"line":31,"column":34}},"6":{"start":{"line":33,"column":8},"end":{"line":39,"column":10}}},"fnMap":{"0":{"name":"(anonymous_0)","decl":{"start":{"line":22,"column":23},"end":{"line":22,"column":24}},"loc":{"start":{"line":22,"column":44},"end":{"line":41,"column":5}},"line":22},"1":{"name":"(anonymous_1)","decl":{"start":{"line":23,"column":18},"end":{"line":23,"column":19}},"loc":{"start":{"line":23,"column":35},"end":{"line":40,"column":7}},"line":23}},"branchMap":{"0":{"loc":{"start":{"line":26,"column":8},"end":{"line":32,"column":9}},"type":"switch","locations":[{"start":{"line":27,"column":10},"end":{"line":29,"column":18}},{"start":{"line":30,"column":10},"end":{"line":31,"column":34}}],"line":26},"1":{"loc":{"start":{"line":37,"column":19},"end":{"line":37,"column":75}},"type":"cond-expr","locations":[{"start":{"line":37,"column":29},"end":{"line":37,"column":51}},{"start":{"line":37,"column":54},"end":{"line":37,"column":75}}],"line":37}},"s":{"0":0,"1":0,"2":0,"3":0,"4":0,"5":0,"6":0},"f":{"0":0,"1":0},"b":{"0":[0,0],"1":[0,0]},"_coverageSchema":"332fd63041d2c1bcb487cc26dd0d5f7d97098a6c","hash":"233956c5cdaff719ddeab0f9ab7ddf0e9be9a6ef"}
,"/Users/kuldeepsingh/Documents/coding/react/todo-rn/App/Navigation/RootNavigation.js": {"path":"/Users/kuldeepsingh/Documents/coding/react/todo-rn/App/Navigation/RootNavigation.js","statementMap":{"0":{"start":{"line":10,"column":27},"end":{"line":25,"column":1}},"1":{"start":{"line":11,"column":2},"end":{"line":24,"column":6}},"2":{"start":{"line":31,"column":17},"end":{"line":31,"column":63}},"3":{"start":{"line":32,"column":4},"end":{"line":34,"column":5}},"4":{"start":{"line":40,"column":0},"end":{"line":42,"column":1}}},"fnMap":{"0":{"name":"(anonymous_0)","decl":{"start":{"line":10,"column":27},"end":{"line":10,"column":28}},"loc":{"start":{"line":10,"column":48},"end":{"line":25,"column":1}},"line":10},"1":{"name":"(anonymous_1)","decl":{"start":{"line":30,"column":2},"end":{"line":30,"column":3}},"loc":{"start":{"line":30,"column":11},"end":{"line":35,"column":3}},"line":30}},"branchMap":{"0":{"loc":{"start":{"line":21,"column":26},"end":{"line":21,"column":59}},"type":"cond-expr","locations":[{"start":{"line":21,"column":44},"end":{"line":21,"column":50}},{"start":{"line":21,"column":53},"end":{"line":21,"column":59}}],"line":21}},"s":{"0":1,"1":2,"2":2,"3":2,"4":1},"f":{"0":2,"1":2},"b":{"0":[0,2]},"_coverageSchema":"332fd63041d2c1bcb487cc26dd0d5f7d97098a6c","hash":"8d5a38e342a8d30b49e3693c432b1ea1384bffbe"}
,"/Users/kuldeepsingh/Documents/coding/react/todo-rn/App/Reducers/googleAuth.js": {"path":"/Users/kuldeepsingh/Documents/coding/react/todo-rn/App/Reducers/googleAuth.js","statementMap":{"0":{"start":{"line":9,"column":29},"end":{"line":12,"column":1}},"1":{"start":{"line":16,"column":4},"end":{"line":33,"column":5}},"2":{"start":{"line":18,"column":12},"end":{"line":21,"column":13}},"3":{"start":{"line":23,"column":12},"end":{"line":23,"column":55}},"4":{"start":{"line":25,"column":12},"end":{"line":25,"column":55}},"5":{"start":{"line":27,"column":12},"end":{"line":30,"column":13}},"6":{"start":{"line":32,"column":12},"end":{"line":32,"column":24}}},"fnMap":{"0":{"name":"(anonymous_0)","decl":{"start":{"line":15,"column":15},"end":{"line":15,"column":16}},"loc":{"start":{"line":15,"column":50},"end":{"line":34,"column":1}},"line":15}},"branchMap":{"0":{"loc":{"start":{"line":15,"column":17},"end":{"line":15,"column":36}},"type":"default-arg","locations":[{"start":{"line":15,"column":23},"end":{"line":15,"column":36}}],"line":15},"1":{"loc":{"start":{"line":16,"column":4},"end":{"line":33,"column":5}},"type":"switch","locations":[{"start":{"line":17,"column":8},"end":{"line":21,"column":13}},{"start":{"line":22,"column":8},"end":{"line":23,"column":55}},{"start":{"line":24,"column":8},"end":{"line":25,"column":55}},{"start":{"line":26,"column":8},"end":{"line":30,"column":13}},{"start":{"line":31,"column":8},"end":{"line":32,"column":24}}],"line":16}},"s":{"0":1,"1":5,"2":0,"3":0,"4":2,"5":0,"6":3},"f":{"0":5},"b":{"0":[3],"1":[0,0,2,0,3]},"_coverageSchema":"332fd63041d2c1bcb487cc26dd0d5f7d97098a6c","hash":"45fa62d968849fdb29939fdd5caaf0c453c72ad4"}
,"/Users/kuldeepsingh/Documents/coding/react/todo-rn/App/Reducers/index.js": {"path":"/Users/kuldeepsingh/Documents/coding/react/todo-rn/App/Reducers/index.js","statementMap":{},"fnMap":{},"branchMap":{},"s":{},"f":{},"b":{},"_coverageSchema":"332fd63041d2c1bcb487cc26dd0d5f7d97098a6c","hash":"1d042d5b0a90d616b2b4b161c0492486536e1d22"}
,"/Users/kuldeepsingh/Documents/coding/react/todo-rn/App/Store/index.js": {"path":"/Users/kuldeepsingh/Documents/coding/react/todo-rn/App/Store/index.js","statementMap":{"0":{"start":{"line":6,"column":19},"end":{"line":6,"column":21}},"1":{"start":{"line":8,"column":0},"end":{"line":8,"column":22}},"2":{"start":{"line":10,"column":25},"end":{"line":12,"column":2}},"3":{"start":{"line":11,"column":19},"end":{"line":11,"column":57}},"4":{"start":{"line":13,"column":0},"end":{"line":13,"column":33}},"5":{"start":{"line":15,"column":14},"end":{"line":21,"column":1}}},"fnMap":{"0":{"name":"(anonymous_0)","decl":{"start":{"line":11,"column":13},"end":{"line":11,"column":14}},"loc":{"start":{"line":11,"column":19},"end":{"line":11,"column":57}},"line":11}},"branchMap":{},"s":{"0":1,"1":1,"2":1,"3":2,"4":1,"5":1},"f":{"0":2},"b":{},"_coverageSchema":"332fd63041d2c1bcb487cc26dd0d5f7d97098a6c","hash":"c7dc68a03954f01e3485b303b50903cdb8ba22b9"}
,"/Users/kuldeepsingh/Documents/coding/react/todo-rn/App/Utils/Colors.js": {"path":"/Users/kuldeepsingh/Documents/coding/react/todo-rn/App/Utils/Colors.js","statementMap":{"0":{"start":{"line":1,"column":18},"end":{"line":1,"column":27}}},"fnMap":{},"branchMap":{},"s":{"0":2},"f":{},"b":{},"_coverageSchema":"332fd63041d2c1bcb487cc26dd0d5f7d97098a6c","hash":"a76573c4e7194034ca0a1f4a7cea28cda0a2bbab"}
,"/Users/kuldeepsingh/Documents/coding/react/todo-rn/App/Utils/Notification.js": {"path":"/Users/kuldeepsingh/Documents/coding/react/todo-rn/App/Utils/Notification.js","statementMap":{"0":{"start":{"line":5,"column":25},"end":{"line":5,"column":45}},"1":{"start":{"line":7,"column":0},"end":{"line":21,"column":1}},"2":{"start":{"line":8,"column":4},"end":{"line":20,"column":5}},"3":{"start":{"line":23,"column":0},"end":{"line":48,"column":1}},"4":{"start":{"line":24,"column":2},"end":{"line":47,"column":8}},"5":{"start":{"line":27,"column":10},"end":{"line":46,"column":11}},"6":{"start":{"line":28,"column":14},"end":{"line":45,"column":20}},"7":{"start":{"line":30,"column":22},"end":{"line":44,"column":23}},"8":{"start":{"line":31,"column":26},"end":{"line":31,"column":78}},"9":{"start":{"line":32,"column":34},"end":{"line":32,"column":44}},"10":{"start":{"line":33,"column":26},"end":{"line":33,"column":60}},"11":{"start":{"line":35,"column":52},"end":{"line":38,"column":27}},"12":{"start":{"line":39,"column":26},"end":{"line":42,"column":27}},"13":{"start":{"line":43,"column":26},"end":{"line":43,"column":86}},"14":{"start":{"line":50,"column":0},"end":{"line":53,"column":1}},"15":{"start":{"line":51,"column":2},"end":{"line":52,"column":63}}},"fnMap":{"0":{"name":"(anonymous_0)","decl":{"start":{"line":7,"column":21},"end":{"line":7,"column":22}},"loc":{"start":{"line":7,"column":27},"end":{"line":21,"column":1}},"line":7},"1":{"name":"(anonymous_1)","decl":{"start":{"line":23,"column":23},"end":{"line":23,"column":24}},"loc":{"start":{"line":23,"column":29},"end":{"line":48,"column":1}},"line":23},"2":{"name":"(anonymous_2)","decl":{"start":{"line":26,"column":12},"end":{"line":26,"column":13}},"loc":{"start":{"line":26,"column":22},"end":{"line":47,"column":7}},"line":26},"3":{"name":"(anonymous_3)","decl":{"start":{"line":29,"column":24},"end":{"line":29,"column":25}},"loc":{"start":{"line":29,"column":40},"end":{"line":45,"column":19}},"line":29},"4":{"name":"(anonymous_4)","decl":{"start":{"line":50,"column":25},"end":{"line":50,"column":26}},"loc":{"start":{"line":50,"column":31},"end":{"line":53,"column":1}},"line":50}},"branchMap":{"0":{"loc":{"start":{"line":27,"column":10},"end":{"line":46,"column":11}},"type":"if","locations":[{"start":{"line":27,"column":10},"end":{"line":46,"column":11}},{"start":{"line":27,"column":10},"end":{"line":46,"column":11}}],"line":27},"1":{"loc":{"start":{"line":30,"column":22},"end":{"line":44,"column":23}},"type":"if","locations":[{"start":{"line":30,"column":22},"end":{"line":44,"column":23}},{"start":{"line":30,"column":22},"end":{"line":44,"column":23}}],"line":30}},"s":{"0":1,"1":1,"2":0,"3":1,"4":2,"5":2,"6":2,"7":0,"8":0,"9":0,"10":0,"11":0,"12":0,"13":0,"14":1,"15":0},"f":{"0":0,"1":2,"2":2,"3":0,"4":0},"b":{"0":[2,0],"1":[0,0]},"_coverageSchema":"332fd63041d2c1bcb487cc26dd0d5f7d97098a6c","hash":"97034f76571dee7ee8e0b09b5ebebc2f105345cc"}
}
