TN:
SF:/Users/kuldeepsingh/Documents/coding/react/todo-rn/App.js
FN:8,(anonymous_0)
FNF:1
FNH:1
FNDA:2,(anonymous_0)
DA:9,2
LF:1
LH:1
BRF:0
BRH:0
end_of_record
TN:
SF:/Users/kuldeepsingh/Documents/coding/react/todo-rn/App/setupTests.js
FNF:0
FNH:0
DA:4,3
LF:1
LH:1
BRF:0
BRH:0
end_of_record
TN:
SF:/Users/kuldeepsingh/Documents/coding/react/todo-rn/App/Actions/googleAuth.js
FN:15,(anonymous_0)
FN:15,(anonymous_1)
FN:25,(anonymous_2)
FN:25,(anonymous_3)
FN:40,(anonymous_4)
FN:40,(anonymous_5)
FN:45,(anonymous_6)
FN:50,(anonymous_7)
FN:54,(anonymous_8)
FNF:9
FNH:2
FNDA:2,(anonymous_0)
FNDA:2,(anonymous_1)
FNDA:0,(anonymous_2)
FNDA:0,(anonymous_3)
FNDA:0,(anonymous_4)
FNDA:0,(anonymous_5)
FNDA:0,(anonymous_6)
FNDA:0,(anonymous_7)
FNDA:0,(anonymous_8)
DA:15,2
DA:16,2
DA:17,2
DA:18,2
DA:19,0
DA:21,2
DA:25,2
DA:26,0
DA:27,0
DA:29,0
DA:30,0
DA:32,0
DA:35,0
DA:36,0
DA:40,2
DA:41,0
DA:42,0
DA:45,2
DA:46,0
DA:47,0
DA:50,2
DA:51,0
DA:54,2
DA:55,0
LF:24
LH:10
BRDA:18,0,0,0
BRDA:18,0,1,2
BRDA:29,1,0,0
BRDA:29,1,1,0
BRF:4
BRH:1
end_of_record
TN:
SF:/Users/kuldeepsingh/Documents/coding/react/todo-rn/App/Actions/index.js
FNF:0
FNH:0
LF:0
LH:0
BRF:0
BRH:0
end_of_record
TN:
SF:/Users/kuldeepsingh/Documents/coding/react/todo-rn/App/Actions/types.js
FNF:0
FNH:0
DA:1,2
DA:2,2
DA:3,2
DA:4,2
LF:4
LH:4
BRF:0
BRH:0
end_of_record
TN:
SF:/Users/kuldeepsingh/Documents/coding/react/todo-rn/App/Components/GoogleAuthButton.js
FN:16,(anonymous_0)
FN:23,(anonymous_1)
FN:41,(anonymous_2)
FNF:3
FNH:1
FNDA:4,(anonymous_0)
FNDA:0,(anonymous_1)
FNDA:0,(anonymous_2)
DA:17,4
DA:18,1
DA:22,3
DA:23,0
DA:33,2
DA:40,2
DA:45,2
LF:7
LH:6
BRDA:17,0,0,1
BRDA:17,0,1,3
BRF:2
BRH:2
end_of_record
TN:
SF:/Users/kuldeepsingh/Documents/coding/react/todo-rn/App/Config/googleAuth.js
FNF:0
FNH:0
LF:0
LH:0
BRF:0
BRH:0
end_of_record
TN:
SF:/Users/kuldeepsingh/Documents/coding/react/todo-rn/App/Containers/AuthContainer.js
FN:22,(anonymous_0)
FN:29,(anonymous_1)
FN:33,(anonymous_2)
FN:37,(anonymous_3)
FN:41,(anonymous_4)
FN:45,(anonymous_5)
FN:66,(anonymous_6)
FNF:7
FNH:3
FNDA:2,(anonymous_0)
FNDA:0,(anonymous_1)
FNDA:0,(anonymous_2)
FNDA:0,(anonymous_3)
FNDA:0,(anonymous_4)
FNDA:2,(anonymous_5)
FNDA:5,(anonymous_6)
DA:23,2
DA:24,2
DA:30,0
DA:34,0
DA:38,0
DA:42,0
DA:46,2
DA:57,1
DA:66,1
DA:67,5
LF:10
LH:6
BRF:0
BRH:0
end_of_record
TN:
SF:/Users/kuldeepsingh/Documents/coding/react/todo-rn/App/Containers/HomeContainer.js
FN:18,(anonymous_0)
FNF:1
FNH:0
FNDA:0,(anonymous_0)
DA:19,0
DA:28,1
LF:2
LH:1
BRF:0
BRH:0
end_of_record
TN:
SF:/Users/kuldeepsingh/Documents/coding/react/todo-rn/App/Containers/RootContainer.js
FN:15,(anonymous_0)
FN:19,(anonymous_1)
FN:23,(anonymous_2)
FN:27,(anonymous_3)
FN:49,(anonymous_4)
FNF:5
FNH:4
FNDA:2,(anonymous_0)
FNDA:2,(anonymous_1)
FNDA:0,(anonymous_2)
FNDA:2,(anonymous_3)
FNDA:5,(anonymous_4)
DA:16,2
DA:20,2
DA:24,0
DA:28,2
DA:38,1
DA:49,1
DA:50,5
LF:7
LH:6
BRDA:30,0,0,2
BRDA:30,0,1,2
BRDA:31,1,0,2
BRDA:31,1,1,0
BRDA:32,2,0,0
BRDA:32,2,1,2
BRF:6
BRH:4
end_of_record
TN:
SF:/Users/kuldeepsingh/Documents/coding/react/todo-rn/App/Containers/SettingsContainer.js
FN:16,(anonymous_0)
FN:20,(anonymous_1)
FN:27,(anonymous_2)
FN:40,(anonymous_3)
FNF:4
FNH:1
FNDA:0,(anonymous_0)
FNDA:0,(anonymous_1)
FNDA:0,(anonymous_2)
FNDA:1,(anonymous_3)
DA:17,0
DA:21,0
DA:22,0
DA:23,0
DA:28,0
DA:40,2
DA:41,1
LF:7
LH:2
BRDA:21,0,0,0
BRDA:21,0,1,0
BRF:2
BRH:0
end_of_record
TN:
SF:/Users/kuldeepsingh/Documents/coding/react/todo-rn/App/Navigation/MainTabNavigator.js
FN:22,(anonymous_0)
FN:23,(anonymous_1)
FNF:2
FNH:0
FNDA:0,(anonymous_0)
FNDA:0,(anonymous_1)
DA:22,0
DA:24,0
DA:26,0
DA:28,0
DA:29,0
DA:31,0
DA:33,0
LF:7
LH:0
BRDA:26,0,0,0
BRDA:26,0,1,0
BRDA:37,1,0,0
BRDA:37,1,1,0
BRF:4
BRH:0
end_of_record
TN:
SF:/Users/kuldeepsingh/Documents/coding/react/todo-rn/App/Navigation/RootNavigation.js
FN:10,(anonymous_0)
FN:30,(anonymous_1)
FNF:2
FNH:2
FNDA:2,(anonymous_0)
FNDA:2,(anonymous_1)
DA:10,1
DA:11,2
DA:31,2
DA:32,2
DA:40,1
LF:5
LH:5
BRDA:21,0,0,0
BRDA:21,0,1,2
BRF:2
BRH:1
end_of_record
TN:
SF:/Users/kuldeepsingh/Documents/coding/react/todo-rn/App/Reducers/googleAuth.js
FN:15,(anonymous_0)
FNF:1
FNH:1
FNDA:5,(anonymous_0)
DA:9,1
DA:16,5
DA:18,0
DA:23,0
DA:25,2
DA:27,0
DA:32,3
LF:7
LH:4
BRDA:15,0,0,3
BRDA:16,1,0,0
BRDA:16,1,1,0
BRDA:16,1,2,2
BRDA:16,1,3,0
BRDA:16,1,4,3
BRF:6
BRH:3
end_of_record
TN:
SF:/Users/kuldeepsingh/Documents/coding/react/todo-rn/App/Reducers/index.js
FNF:0
FNH:0
LF:0
LH:0
BRF:0
BRH:0
end_of_record
TN:
SF:/Users/kuldeepsingh/Documents/coding/react/todo-rn/App/Store/index.js
FN:11,(anonymous_0)
FNF:1
FNH:1
FNDA:2,(anonymous_0)
DA:6,1
DA:8,1
DA:10,1
DA:11,2
DA:13,1
DA:15,1
LF:6
LH:6
BRF:0
BRH:0
end_of_record
TN:
SF:/Users/kuldeepsingh/Documents/coding/react/todo-rn/App/Utils/Colors.js
FNF:0
FNH:0
DA:1,2
LF:1
LH:1
BRF:0
BRH:0
end_of_record
TN:
SF:/Users/kuldeepsingh/Documents/coding/react/todo-rn/App/Utils/Notification.js
FN:7,(anonymous_0)
FN:23,(anonymous_1)
FN:26,(anonymous_2)
FN:29,(anonymous_3)
FN:50,(anonymous_4)
FNF:5
FNH:2
FNDA:0,(anonymous_0)
FNDA:2,(anonymous_1)
FNDA:2,(anonymous_2)
FNDA:0,(anonymous_3)
FNDA:0,(anonymous_4)
DA:5,1
DA:7,1
DA:8,0
DA:23,1
DA:24,2
DA:27,2
DA:28,2
DA:30,0
DA:31,0
DA:32,0
DA:33,0
DA:35,0
DA:39,0
DA:43,0
DA:50,1
DA:51,0
LF:16
LH:7
BRDA:27,0,0,2
BRDA:27,0,1,0
BRDA:30,1,0,0
BRDA:30,1,1,0
BRF:4
BRH:1
end_of_record
